<?xml version="1.0"?><coverage lines-covered="51" lines-valid="96" line-rate="0.53125" branches-covered="0" branches-valid="0" branch-rate="0" complexity="0" version="1.9" timestamp="1775955282"><sources><source>/home/blake/Documents/software/acp-react-chat-ui/crates/acp-ws-bridge</source></sources><packages><package name="src/contract" line-rate="1" branch-rate="0" complexity="0"><classes><class name="envelope" filename="src/contract/envelope.rs" line-rate="1" branch-rate="0" complexity="0"><methods/><lines><line number="40" hits="3"/><line number="51" hits="1"/><line number="67" hits="1"/><line number="68" hits="1"/><line number="83" hits="1"/><line number="84" hits="1"/></lines></class><class name="message" filename="src/contract/message.rs" line-rate="1" branch-rate="0" complexity="0"><methods/><lines><line number="86" hits="1"/><line number="91" hits="1"/><line number="96" hits="2"/><line number="101" hits="1"/><line number="106" hits="2"/><line number="119" hits="1"/></lines></class></classes></package><package name="src/server" line-rate="0" branch-rate="0" complexity="0"><classes><class name="mod" filename="src/server/mod.rs" line-rate="0" branch-rate="0" complexity="0"><methods/><lines><line number="43" hits="0"/><line number="44" hits="0"/><line number="45" hits="0"/><line number="47" hits="0"/><line number="49" hits="0"/><line number="50" hits="0"/><line number="51" hits="0"/><line number="52" hits="0"/><line number="54" hits="0"/><line number="55" hits="0"/><line number="56" hits="0"/><line number="58" hits="0"/><line number="59" hits="0"/><line number="61" hits="0"/><line number="62" hits="0"/><line number="64" hits="0"/><line number="65" hits="0"/><line number="68" hits="0"/><line number="69" hits="0"/><line number="74" hits="0"/><line number="79" hits="0"/><line number="83" hits="0"/><line number="85" hits="0"/><line number="88" hits="0"/><line number="89" hits="0"/><line number="90" hits="0"/><line number="91" hits="0"/><line number="93" hits="0"/><line number="94" hits="0"/><line number="95" hits="0"/><line number="96" hits="0"/><line number="97" hits="0"/><line number="99" hits="0"/><line number="100" hits="0"/><line number="101" hits="0"/><line number="106" hits="0"/><line number="116" hits="0"/><line number="119" hits="0"/><line number="127" hits="0"/><line number="128" hits="0"/><line number="183" hits="0"/><line number="191" hits="0"/><line number="192" hits="0"/></lines></class></classes></package><package name="src" line-rate="0.53125" branch-rate="0" complexity="0"><classes><class name="test_utils" filename="src/test_utils.rs" line-rate="0.9512195121951219" branch-rate="0" complexity="0"><methods/><lines><line number="16" hits="2"/><line number="29" hits="1"/><line number="30" hits="2"/><line number="34" hits="1"/><line number="35" hits="1"/><line number="36" hits="1"/><line number="40" hits="1"/><line number="41" hits="1"/><line number="42" hits="1"/><line number="46" hits="1"/><line number="47" hits="1"/><line number="48" hits="1"/><line number="52" hits="1"/><line number="53" hits="2"/><line number="54" hits="1"/><line number="58" hits="1"/><line number="59" hits="2"/><line number="60" hits="1"/><line number="64" hits="1"/><line number="66" hits="1"/><line number="67" hits="1"/><line number="68" hits="1"/><line number="69" hits="1"/><line number="70" hits="1"/><line number="80" hits="1"/><line number="85" hits="1"/><line number="87" hits="2"/><line number="97" hits="1"/><line number="102" hits="1"/><line number="104" hits="1"/><line number="109" hits="2"/><line number="112" hits="4"/><line number="117" hits="2"/><line number="125" hits="4"/><line number="130" hits="1"/><line number="137" hits="2"/><line number="138" hits="5"/><line number="139" hits="4"/><line number="140" hits="1"/><line number="159" hits="0"/><line number="160" hits="0"/></lines></class></classes></package></packages></coverage>